Added Component: Designator=L?(WS2812-2020)
Add component (AddParameter): Name = "Availability"; Value = "Unavailable"; VariantName = "[No Variations]"
Add component (AddParameter): Name = "MF"; Value = "{'manufacturer': u'Worldsemi'}"; VariantName = "[No Variations]"
Add component (AddParameter): Name = "MP"; Value = "WS2812-2020"; VariantName = "[No Variations]"
Add component (AddParameter): Name = "Package"; Value = "None"; VariantName = "[No Variations]"
Add component (AddParameter): Name = "Price"; Value = "None"; VariantName = "[No Variations]"
Add component (AddParameter): Name = "Value"; Value = ""; VariantName = "[No Variations]"
Added Component: Designator=L?(WS2812-2020)
Add component (AddParameter): Name = "Availability"; Value = "Unavailable"; VariantName = "[No Variations]"
Add component (AddParameter): Name = "MF"; Value = "{'manufacturer': u'Worldsemi'}"; VariantName = "[No Variations]"
Add component (AddParameter): Name = "MP"; Value = "WS2812-2020"; VariantName = "[No Variations]"
Add component (AddParameter): Name = "Package"; Value = "None"; VariantName = "[No Variations]"
Add component (AddParameter): Name = "Price"; Value = "None"; VariantName = "[No Variations]"
Add component (AddParameter): Name = "Value"; Value = ""; VariantName = "[No Variations]"
Added Component: Designator=L?(WS2812-2020)
Add component (AddParameter): Name = "Availability"; Value = "Unavailable"; VariantName = "[No Variations]"
Add component (AddParameter): Name = "MF"; Value = "{'manufacturer': u'Worldsemi'}"; VariantName = "[No Variations]"
Add component (AddParameter): Name = "MP"; Value = "WS2812-2020"; VariantName = "[No Variations]"
Add component (AddParameter): Name = "Package"; Value = "None"; VariantName = "[No Variations]"
Add component (AddParameter): Name = "Price"; Value = "None"; VariantName = "[No Variations]"
Add component (AddParameter): Name = "Value"; Value = ""; VariantName = "[No Variations]"
Added Component: Designator=L?(WS2812-2020)
Add component (AddParameter): Name = "Availability"; Value = "Unavailable"; VariantName = "[No Variations]"
Add component (AddParameter): Name = "MF"; Value = "{'manufacturer': u'Worldsemi'}"; VariantName = "[No Variations]"
Add component (AddParameter): Name = "MP"; Value = "WS2812-2020"; VariantName = "[No Variations]"
Add component (AddParameter): Name = "Package"; Value = "None"; VariantName = "[No Variations]"
Add component (AddParameter): Name = "Price"; Value = "None"; VariantName = "[No Variations]"
Add component (AddParameter): Name = "Value"; Value = ""; VariantName = "[No Variations]"
Added Component: Designator=L?(WS2812-2020)
Add component (AddParameter): Name = "Availability"; Value = "Unavailable"; VariantName = "[No Variations]"
Add component (AddParameter): Name = "MF"; Value = "{'manufacturer': u'Worldsemi'}"; VariantName = "[No Variations]"
Add component (AddParameter): Name = "MP"; Value = "WS2812-2020"; VariantName = "[No Variations]"
Add component (AddParameter): Name = "Package"; Value = "None"; VariantName = "[No Variations]"
Add component (AddParameter): Name = "Price"; Value = "None"; VariantName = "[No Variations]"
Add component (AddParameter): Name = "Value"; Value = ""; VariantName = "[No Variations]"
Added Component: Designator=L?(WS2812-2020)
Add component (AddParameter): Name = "Availability"; Value = "Unavailable"; VariantName = "[No Variations]"
Add component (AddParameter): Name = "MF"; Value = "{'manufacturer': u'Worldsemi'}"; VariantName = "[No Variations]"
Add component (AddParameter): Name = "MP"; Value = "WS2812-2020"; VariantName = "[No Variations]"
Add component (AddParameter): Name = "Package"; Value = "None"; VariantName = "[No Variations]"
Add component (AddParameter): Name = "Price"; Value = "None"; VariantName = "[No Variations]"
Add component (AddParameter): Name = "Value"; Value = ""; VariantName = "[No Variations]"
Added Component: Designator=L?(WS2812-2020)
Add component (AddParameter): Name = "Availability"; Value = "Unavailable"; VariantName = "[No Variations]"
Add component (AddParameter): Name = "MF"; Value = "{'manufacturer': u'Worldsemi'}"; VariantName = "[No Variations]"
Add component (AddParameter): Name = "MP"; Value = "WS2812-2020"; VariantName = "[No Variations]"
Add component (AddParameter): Name = "Package"; Value = "None"; VariantName = "[No Variations]"
Add component (AddParameter): Name = "Price"; Value = "None"; VariantName = "[No Variations]"
Add component (AddParameter): Name = "Value"; Value = ""; VariantName = "[No Variations]"
Added Component: Designator=L?(WS2812-2020)
Add component (AddParameter): Name = "Availability"; Value = "Unavailable"; VariantName = "[No Variations]"
Add component (AddParameter): Name = "MF"; Value = "{'manufacturer': u'Worldsemi'}"; VariantName = "[No Variations]"
Add component (AddParameter): Name = "MP"; Value = "WS2812-2020"; VariantName = "[No Variations]"
Add component (AddParameter): Name = "Package"; Value = "None"; VariantName = "[No Variations]"
Add component (AddParameter): Name = "Price"; Value = "None"; VariantName = "[No Variations]"
Add component (AddParameter): Name = "Value"; Value = ""; VariantName = "[No Variations]"
Added Component: Designator=L?(WS2812-2020)
Add component (AddParameter): Name = "Availability"; Value = "Unavailable"; VariantName = "[No Variations]"
Add component (AddParameter): Name = "MF"; Value = "{'manufacturer': u'Worldsemi'}"; VariantName = "[No Variations]"
Add component (AddParameter): Name = "MP"; Value = "WS2812-2020"; VariantName = "[No Variations]"
Add component (AddParameter): Name = "Package"; Value = "None"; VariantName = "[No Variations]"
Add component (AddParameter): Name = "Price"; Value = "None"; VariantName = "[No Variations]"
Add component (AddParameter): Name = "Value"; Value = ""; VariantName = "[No Variations]"
Added Component: Designator=L?(WS2812-2020)
Add component (AddParameter): Name = "Availability"; Value = "Unavailable"; VariantName = "[No Variations]"
Add component (AddParameter): Name = "MF"; Value = "{'manufacturer': u'Worldsemi'}"; VariantName = "[No Variations]"
Add component (AddParameter): Name = "MP"; Value = "WS2812-2020"; VariantName = "[No Variations]"
Add component (AddParameter): Name = "Package"; Value = "None"; VariantName = "[No Variations]"
Add component (AddParameter): Name = "Price"; Value = "None"; VariantName = "[No Variations]"
Add component (AddParameter): Name = "Value"; Value = ""; VariantName = "[No Variations]"
Added Component: Designator=L?(WS2812-2020)
Add component (AddParameter): Name = "Availability"; Value = "Unavailable"; VariantName = "[No Variations]"
Add component (AddParameter): Name = "MF"; Value = "{'manufacturer': u'Worldsemi'}"; VariantName = "[No Variations]"
Add component (AddParameter): Name = "MP"; Value = "WS2812-2020"; VariantName = "[No Variations]"
Add component (AddParameter): Name = "Package"; Value = "None"; VariantName = "[No Variations]"
Add component (AddParameter): Name = "Price"; Value = "None"; VariantName = "[No Variations]"
Add component (AddParameter): Name = "Value"; Value = ""; VariantName = "[No Variations]"
Added Component: Designator=L?(WS2812-2020)
Add component (AddParameter): Name = "Availability"; Value = "Unavailable"; VariantName = "[No Variations]"
Add component (AddParameter): Name = "MF"; Value = "{'manufacturer': u'Worldsemi'}"; VariantName = "[No Variations]"
Add component (AddParameter): Name = "MP"; Value = "WS2812-2020"; VariantName = "[No Variations]"
Add component (AddParameter): Name = "Package"; Value = "None"; VariantName = "[No Variations]"
Add component (AddParameter): Name = "Price"; Value = "None"; VariantName = "[No Variations]"
Add component (AddParameter): Name = "Value"; Value = ""; VariantName = "[No Variations]"
Added Component: Designator=L?(WS2812-2020)
Add component (AddParameter): Name = "Availability"; Value = "Unavailable"; VariantName = "[No Variations]"
Add component (AddParameter): Name = "MF"; Value = "{'manufacturer': u'Worldsemi'}"; VariantName = "[No Variations]"
Add component (AddParameter): Name = "MP"; Value = "WS2812-2020"; VariantName = "[No Variations]"
Add component (AddParameter): Name = "Package"; Value = "None"; VariantName = "[No Variations]"
Add component (AddParameter): Name = "Price"; Value = "None"; VariantName = "[No Variations]"
Add component (AddParameter): Name = "Value"; Value = ""; VariantName = "[No Variations]"
Added Component: Designator=L?(WS2812-2020)
Add component (AddParameter): Name = "Availability"; Value = "Unavailable"; VariantName = "[No Variations]"
Add component (AddParameter): Name = "MF"; Value = "{'manufacturer': u'Worldsemi'}"; VariantName = "[No Variations]"
Add component (AddParameter): Name = "MP"; Value = "WS2812-2020"; VariantName = "[No Variations]"
Add component (AddParameter): Name = "Package"; Value = "None"; VariantName = "[No Variations]"
Add component (AddParameter): Name = "Price"; Value = "None"; VariantName = "[No Variations]"
Add component (AddParameter): Name = "Value"; Value = ""; VariantName = "[No Variations]"
Added Component: Designator=L?(WS2812-2020)
Add component (AddParameter): Name = "Availability"; Value = "Unavailable"; VariantName = "[No Variations]"
Add component (AddParameter): Name = "MF"; Value = "{'manufacturer': u'Worldsemi'}"; VariantName = "[No Variations]"
Add component (AddParameter): Name = "MP"; Value = "WS2812-2020"; VariantName = "[No Variations]"
Add component (AddParameter): Name = "Package"; Value = "None"; VariantName = "[No Variations]"
Add component (AddParameter): Name = "Price"; Value = "None"; VariantName = "[No Variations]"
Add component (AddParameter): Name = "Value"; Value = ""; VariantName = "[No Variations]"
Added Component: Designator=L?(WS2812-2020)
Add component (AddParameter): Name = "Availability"; Value = "Unavailable"; VariantName = "[No Variations]"
Add component (AddParameter): Name = "MF"; Value = "{'manufacturer': u'Worldsemi'}"; VariantName = "[No Variations]"
Add component (AddParameter): Name = "MP"; Value = "WS2812-2020"; VariantName = "[No Variations]"
Add component (AddParameter): Name = "Package"; Value = "None"; VariantName = "[No Variations]"
Add component (AddParameter): Name = "Price"; Value = "None"; VariantName = "[No Variations]"
Add component (AddParameter): Name = "Value"; Value = ""; VariantName = "[No Variations]"
Added Component: Designator=L?(WS2812-2020)
Add component (AddParameter): Name = "Availability"; Value = "Unavailable"; VariantName = "[No Variations]"
Add component (AddParameter): Name = "MF"; Value = "{'manufacturer': u'Worldsemi'}"; VariantName = "[No Variations]"
Add component (AddParameter): Name = "MP"; Value = "WS2812-2020"; VariantName = "[No Variations]"
Add component (AddParameter): Name = "Package"; Value = "None"; VariantName = "[No Variations]"
Add component (AddParameter): Name = "Price"; Value = "None"; VariantName = "[No Variations]"
Add component (AddParameter): Name = "Value"; Value = ""; VariantName = "[No Variations]"
Added Component: Designator=L?(WS2812-2020)
Add component (AddParameter): Name = "Availability"; Value = "Unavailable"; VariantName = "[No Variations]"
Add component (AddParameter): Name = "MF"; Value = "{'manufacturer': u'Worldsemi'}"; VariantName = "[No Variations]"
Add component (AddParameter): Name = "MP"; Value = "WS2812-2020"; VariantName = "[No Variations]"
Add component (AddParameter): Name = "Package"; Value = "None"; VariantName = "[No Variations]"
Add component (AddParameter): Name = "Price"; Value = "None"; VariantName = "[No Variations]"
Add component (AddParameter): Name = "Value"; Value = ""; VariantName = "[No Variations]"
Added Component: Designator=L?(WS2812-2020)
Add component (AddParameter): Name = "Availability"; Value = "Unavailable"; VariantName = "[No Variations]"
Add component (AddParameter): Name = "MF"; Value = "{'manufacturer': u'Worldsemi'}"; VariantName = "[No Variations]"
Add component (AddParameter): Name = "MP"; Value = "WS2812-2020"; VariantName = "[No Variations]"
Add component (AddParameter): Name = "Package"; Value = "None"; VariantName = "[No Variations]"
Add component (AddParameter): Name = "Price"; Value = "None"; VariantName = "[No Variations]"
Add component (AddParameter): Name = "Value"; Value = ""; VariantName = "[No Variations]"
Added Component: Designator=L?(WS2812-2020)
Add component (AddParameter): Name = "Availability"; Value = "Unavailable"; VariantName = "[No Variations]"
Add component (AddParameter): Name = "MF"; Value = "{'manufacturer': u'Worldsemi'}"; VariantName = "[No Variations]"
Add component (AddParameter): Name = "MP"; Value = "WS2812-2020"; VariantName = "[No Variations]"
Add component (AddParameter): Name = "Package"; Value = "None"; VariantName = "[No Variations]"
Add component (AddParameter): Name = "Price"; Value = "None"; VariantName = "[No Variations]"
Add component (AddParameter): Name = "Value"; Value = ""; VariantName = "[No Variations]"
Added Component: Designator=L?(WS2812-2020)
Add component (AddParameter): Name = "Availability"; Value = "Unavailable"; VariantName = "[No Variations]"
Add component (AddParameter): Name = "MF"; Value = "{'manufacturer': u'Worldsemi'}"; VariantName = "[No Variations]"
Add component (AddParameter): Name = "MP"; Value = "WS2812-2020"; VariantName = "[No Variations]"
Add component (AddParameter): Name = "Package"; Value = "None"; VariantName = "[No Variations]"
Add component (AddParameter): Name = "Price"; Value = "None"; VariantName = "[No Variations]"
Add component (AddParameter): Name = "Value"; Value = ""; VariantName = "[No Variations]"
Added Component: Designator=L?(WS2812-2020)
Add component (AddParameter): Name = "Availability"; Value = "Unavailable"; VariantName = "[No Variations]"
Add component (AddParameter): Name = "MF"; Value = "{'manufacturer': u'Worldsemi'}"; VariantName = "[No Variations]"
Add component (AddParameter): Name = "MP"; Value = "WS2812-2020"; VariantName = "[No Variations]"
Add component (AddParameter): Name = "Package"; Value = "None"; VariantName = "[No Variations]"
Add component (AddParameter): Name = "Price"; Value = "None"; VariantName = "[No Variations]"
Add component (AddParameter): Name = "Value"; Value = ""; VariantName = "[No Variations]"
Added Component: Designator=L?(WS2812-2020)
Add component (AddParameter): Name = "Availability"; Value = "Unavailable"; VariantName = "[No Variations]"
Add component (AddParameter): Name = "MF"; Value = "{'manufacturer': u'Worldsemi'}"; VariantName = "[No Variations]"
Add component (AddParameter): Name = "MP"; Value = "WS2812-2020"; VariantName = "[No Variations]"
Add component (AddParameter): Name = "Package"; Value = "None"; VariantName = "[No Variations]"
Add component (AddParameter): Name = "Price"; Value = "None"; VariantName = "[No Variations]"
Add component (AddParameter): Name = "Value"; Value = ""; VariantName = "[No Variations]"
Added Component: Designator=L?(WS2812-2020)
Add component (AddParameter): Name = "Availability"; Value = "Unavailable"; VariantName = "[No Variations]"
Add component (AddParameter): Name = "MF"; Value = "{'manufacturer': u'Worldsemi'}"; VariantName = "[No Variations]"
Add component (AddParameter): Name = "MP"; Value = "WS2812-2020"; VariantName = "[No Variations]"
Add component (AddParameter): Name = "Package"; Value = "None"; VariantName = "[No Variations]"
Add component (AddParameter): Name = "Price"; Value = "None"; VariantName = "[No Variations]"
Add component (AddParameter): Name = "Value"; Value = ""; VariantName = "[No Variations]"
Added Component: Designator=L?(WS2812-2020)
Add component (AddParameter): Name = "Availability"; Value = "Unavailable"; VariantName = "[No Variations]"
Add component (AddParameter): Name = "MF"; Value = "{'manufacturer': u'Worldsemi'}"; VariantName = "[No Variations]"
Add component (AddParameter): Name = "MP"; Value = "WS2812-2020"; VariantName = "[No Variations]"
Add component (AddParameter): Name = "Package"; Value = "None"; VariantName = "[No Variations]"
Add component (AddParameter): Name = "Price"; Value = "None"; VariantName = "[No Variations]"
Add component (AddParameter): Name = "Value"; Value = ""; VariantName = "[No Variations]"
Added Component: Designator=L?(WS2812-2020)
Add component (AddParameter): Name = "Availability"; Value = "Unavailable"; VariantName = "[No Variations]"
Add component (AddParameter): Name = "MF"; Value = "{'manufacturer': u'Worldsemi'}"; VariantName = "[No Variations]"
Add component (AddParameter): Name = "MP"; Value = "WS2812-2020"; VariantName = "[No Variations]"
Add component (AddParameter): Name = "Package"; Value = "None"; VariantName = "[No Variations]"
Add component (AddParameter): Name = "Price"; Value = "None"; VariantName = "[No Variations]"
Add component (AddParameter): Name = "Value"; Value = ""; VariantName = "[No Variations]"
Added Component: Designator=L?(WS2812-2020)
Add component (AddParameter): Name = "Availability"; Value = "Unavailable"; VariantName = "[No Variations]"
Add component (AddParameter): Name = "MF"; Value = "{'manufacturer': u'Worldsemi'}"; VariantName = "[No Variations]"
Add component (AddParameter): Name = "MP"; Value = "WS2812-2020"; VariantName = "[No Variations]"
Add component (AddParameter): Name = "Package"; Value = "None"; VariantName = "[No Variations]"
Add component (AddParameter): Name = "Price"; Value = "None"; VariantName = "[No Variations]"
Add component (AddParameter): Name = "Value"; Value = ""; VariantName = "[No Variations]"
Added Component: Designator=L?(WS2812-2020)
Add component (AddParameter): Name = "Availability"; Value = "Unavailable"; VariantName = "[No Variations]"
Add component (AddParameter): Name = "MF"; Value = "{'manufacturer': u'Worldsemi'}"; VariantName = "[No Variations]"
Add component (AddParameter): Name = "MP"; Value = "WS2812-2020"; VariantName = "[No Variations]"
Add component (AddParameter): Name = "Package"; Value = "None"; VariantName = "[No Variations]"
Add component (AddParameter): Name = "Price"; Value = "None"; VariantName = "[No Variations]"
Add component (AddParameter): Name = "Value"; Value = ""; VariantName = "[No Variations]"
Added Component: Designator=L?(WS2812-2020)
Add component (AddParameter): Name = "Availability"; Value = "Unavailable"; VariantName = "[No Variations]"
Add component (AddParameter): Name = "MF"; Value = "{'manufacturer': u'Worldsemi'}"; VariantName = "[No Variations]"
Add component (AddParameter): Name = "MP"; Value = "WS2812-2020"; VariantName = "[No Variations]"
Add component (AddParameter): Name = "Package"; Value = "None"; VariantName = "[No Variations]"
Add component (AddParameter): Name = "Price"; Value = "None"; VariantName = "[No Variations]"
Add component (AddParameter): Name = "Value"; Value = ""; VariantName = "[No Variations]"
Added Component: Designator=L?(WS2812-2020)
Add component (AddParameter): Name = "Availability"; Value = "Unavailable"; VariantName = "[No Variations]"
Add component (AddParameter): Name = "MF"; Value = "{'manufacturer': u'Worldsemi'}"; VariantName = "[No Variations]"
Add component (AddParameter): Name = "MP"; Value = "WS2812-2020"; VariantName = "[No Variations]"
Add component (AddParameter): Name = "Package"; Value = "None"; VariantName = "[No Variations]"
Add component (AddParameter): Name = "Price"; Value = "None"; VariantName = "[No Variations]"
Add component (AddParameter): Name = "Value"; Value = ""; VariantName = "[No Variations]"
Added Component: Designator=L?(WS2812-2020)
Add component (AddParameter): Name = "Availability"; Value = "Unavailable"; VariantName = "[No Variations]"
Add component (AddParameter): Name = "MF"; Value = "{'manufacturer': u'Worldsemi'}"; VariantName = "[No Variations]"
Add component (AddParameter): Name = "MP"; Value = "WS2812-2020"; VariantName = "[No Variations]"
Add component (AddParameter): Name = "Package"; Value = "None"; VariantName = "[No Variations]"
Add component (AddParameter): Name = "Price"; Value = "None"; VariantName = "[No Variations]"
Add component (AddParameter): Name = "Value"; Value = ""; VariantName = "[No Variations]"
Added Component: Designator=L?(WS2812-2020)
Add component (AddParameter): Name = "Availability"; Value = "Unavailable"; VariantName = "[No Variations]"
Add component (AddParameter): Name = "MF"; Value = "{'manufacturer': u'Worldsemi'}"; VariantName = "[No Variations]"
Add component (AddParameter): Name = "MP"; Value = "WS2812-2020"; VariantName = "[No Variations]"
Add component (AddParameter): Name = "Package"; Value = "None"; VariantName = "[No Variations]"
Add component (AddParameter): Name = "Price"; Value = "None"; VariantName = "[No Variations]"
Add component (AddParameter): Name = "Value"; Value = ""; VariantName = "[No Variations]"
Added Component: Designator=L?(WS2812-2020)
Add component (AddParameter): Name = "Availability"; Value = "Unavailable"; VariantName = "[No Variations]"
Add component (AddParameter): Name = "MF"; Value = "{'manufacturer': u'Worldsemi'}"; VariantName = "[No Variations]"
Add component (AddParameter): Name = "MP"; Value = "WS2812-2020"; VariantName = "[No Variations]"
Add component (AddParameter): Name = "Package"; Value = "None"; VariantName = "[No Variations]"
Add component (AddParameter): Name = "Price"; Value = "None"; VariantName = "[No Variations]"
Add component (AddParameter): Name = "Value"; Value = ""; VariantName = "[No Variations]"
Added Component: Designator=L?(WS2812-2020)
Add component (AddParameter): Name = "Availability"; Value = "Unavailable"; VariantName = "[No Variations]"
Add component (AddParameter): Name = "MF"; Value = "{'manufacturer': u'Worldsemi'}"; VariantName = "[No Variations]"
Add component (AddParameter): Name = "MP"; Value = "WS2812-2020"; VariantName = "[No Variations]"
Add component (AddParameter): Name = "Package"; Value = "None"; VariantName = "[No Variations]"
Add component (AddParameter): Name = "Price"; Value = "None"; VariantName = "[No Variations]"
Add component (AddParameter): Name = "Value"; Value = ""; VariantName = "[No Variations]"
Added Component: Designator=L?(WS2812-2020)
Add component (AddParameter): Name = "Availability"; Value = "Unavailable"; VariantName = "[No Variations]"
Add component (AddParameter): Name = "MF"; Value = "{'manufacturer': u'Worldsemi'}"; VariantName = "[No Variations]"
Add component (AddParameter): Name = "MP"; Value = "WS2812-2020"; VariantName = "[No Variations]"
Add component (AddParameter): Name = "Package"; Value = "None"; VariantName = "[No Variations]"
Add component (AddParameter): Name = "Price"; Value = "None"; VariantName = "[No Variations]"
Add component (AddParameter): Name = "Value"; Value = ""; VariantName = "[No Variations]"
Added Component: Designator=L?(WS2812-2020)
Add component (AddParameter): Name = "Availability"; Value = "Unavailable"; VariantName = "[No Variations]"
Add component (AddParameter): Name = "MF"; Value = "{'manufacturer': u'Worldsemi'}"; VariantName = "[No Variations]"
Add component (AddParameter): Name = "MP"; Value = "WS2812-2020"; VariantName = "[No Variations]"
Add component (AddParameter): Name = "Package"; Value = "None"; VariantName = "[No Variations]"
Add component (AddParameter): Name = "Price"; Value = "None"; VariantName = "[No Variations]"
Add component (AddParameter): Name = "Value"; Value = ""; VariantName = "[No Variations]"
Added Component: Designator=L?(WS2812-2020)
Add component (AddParameter): Name = "Availability"; Value = "Unavailable"; VariantName = "[No Variations]"
Add component (AddParameter): Name = "MF"; Value = "{'manufacturer': u'Worldsemi'}"; VariantName = "[No Variations]"
Add component (AddParameter): Name = "MP"; Value = "WS2812-2020"; VariantName = "[No Variations]"
Add component (AddParameter): Name = "Package"; Value = "None"; VariantName = "[No Variations]"
Add component (AddParameter): Name = "Price"; Value = "None"; VariantName = "[No Variations]"
Add component (AddParameter): Name = "Value"; Value = ""; VariantName = "[No Variations]"
Added Component: Designator=L?(WS2812-2020)
Add component (AddParameter): Name = "Availability"; Value = "Unavailable"; VariantName = "[No Variations]"
Add component (AddParameter): Name = "MF"; Value = "{'manufacturer': u'Worldsemi'}"; VariantName = "[No Variations]"
Add component (AddParameter): Name = "MP"; Value = "WS2812-2020"; VariantName = "[No Variations]"
Add component (AddParameter): Name = "Package"; Value = "None"; VariantName = "[No Variations]"
Add component (AddParameter): Name = "Price"; Value = "None"; VariantName = "[No Variations]"
Add component (AddParameter): Name = "Value"; Value = ""; VariantName = "[No Variations]"
Added Component: Designator=L?(WS2812-2020)
Add component (AddParameter): Name = "Availability"; Value = "Unavailable"; VariantName = "[No Variations]"
Add component (AddParameter): Name = "MF"; Value = "{'manufacturer': u'Worldsemi'}"; VariantName = "[No Variations]"
Add component (AddParameter): Name = "MP"; Value = "WS2812-2020"; VariantName = "[No Variations]"
Add component (AddParameter): Name = "Package"; Value = "None"; VariantName = "[No Variations]"
Add component (AddParameter): Name = "Price"; Value = "None"; VariantName = "[No Variations]"
Add component (AddParameter): Name = "Value"; Value = ""; VariantName = "[No Variations]"
Added Component: Designator=L?(WS2812-2020)
Add component (AddParameter): Name = "Availability"; Value = "Unavailable"; VariantName = "[No Variations]"
Add component (AddParameter): Name = "MF"; Value = "{'manufacturer': u'Worldsemi'}"; VariantName = "[No Variations]"
Add component (AddParameter): Name = "MP"; Value = "WS2812-2020"; VariantName = "[No Variations]"
Add component (AddParameter): Name = "Package"; Value = "None"; VariantName = "[No Variations]"
Add component (AddParameter): Name = "Price"; Value = "None"; VariantName = "[No Variations]"
Add component (AddParameter): Name = "Value"; Value = ""; VariantName = "[No Variations]"
Added Component: Designator=L?(WS2812-2020)
Add component (AddParameter): Name = "Availability"; Value = "Unavailable"; VariantName = "[No Variations]"
Add component (AddParameter): Name = "MF"; Value = "{'manufacturer': u'Worldsemi'}"; VariantName = "[No Variations]"
Add component (AddParameter): Name = "MP"; Value = "WS2812-2020"; VariantName = "[No Variations]"
Add component (AddParameter): Name = "Package"; Value = "None"; VariantName = "[No Variations]"
Add component (AddParameter): Name = "Price"; Value = "None"; VariantName = "[No Variations]"
Add component (AddParameter): Name = "Value"; Value = ""; VariantName = "[No Variations]"
Added Component: Designator=L?(WS2812-2020)
Add component (AddParameter): Name = "Availability"; Value = "Unavailable"; VariantName = "[No Variations]"
Add component (AddParameter): Name = "MF"; Value = "{'manufacturer': u'Worldsemi'}"; VariantName = "[No Variations]"
Add component (AddParameter): Name = "MP"; Value = "WS2812-2020"; VariantName = "[No Variations]"
Add component (AddParameter): Name = "Package"; Value = "None"; VariantName = "[No Variations]"
Add component (AddParameter): Name = "Price"; Value = "None"; VariantName = "[No Variations]"
Add component (AddParameter): Name = "Value"; Value = ""; VariantName = "[No Variations]"
Added Component: Designator=L?(WS2812-2020)
Add component (AddParameter): Name = "Availability"; Value = "Unavailable"; VariantName = "[No Variations]"
Add component (AddParameter): Name = "MF"; Value = "{'manufacturer': u'Worldsemi'}"; VariantName = "[No Variations]"
Add component (AddParameter): Name = "MP"; Value = "WS2812-2020"; VariantName = "[No Variations]"
Add component (AddParameter): Name = "Package"; Value = "None"; VariantName = "[No Variations]"
Add component (AddParameter): Name = "Price"; Value = "None"; VariantName = "[No Variations]"
Add component (AddParameter): Name = "Value"; Value = ""; VariantName = "[No Variations]"
Added Component: Designator=L?(WS2812-2020)
Add component (AddParameter): Name = "Availability"; Value = "Unavailable"; VariantName = "[No Variations]"
Add component (AddParameter): Name = "MF"; Value = "{'manufacturer': u'Worldsemi'}"; VariantName = "[No Variations]"
Add component (AddParameter): Name = "MP"; Value = "WS2812-2020"; VariantName = "[No Variations]"
Add component (AddParameter): Name = "Package"; Value = "None"; VariantName = "[No Variations]"
Add component (AddParameter): Name = "Price"; Value = "None"; VariantName = "[No Variations]"
Add component (AddParameter): Name = "Value"; Value = ""; VariantName = "[No Variations]"
Added Component: Designator=L?(WS2812-2020)
Add component (AddParameter): Name = "Availability"; Value = "Unavailable"; VariantName = "[No Variations]"
Add component (AddParameter): Name = "MF"; Value = "{'manufacturer': u'Worldsemi'}"; VariantName = "[No Variations]"
Add component (AddParameter): Name = "MP"; Value = "WS2812-2020"; VariantName = "[No Variations]"
Add component (AddParameter): Name = "Package"; Value = "None"; VariantName = "[No Variations]"
Add component (AddParameter): Name = "Price"; Value = "None"; VariantName = "[No Variations]"
Add component (AddParameter): Name = "Value"; Value = ""; VariantName = "[No Variations]"
Added Component: Designator=L?(WS2812-2020)
Add component (AddParameter): Name = "Availability"; Value = "Unavailable"; VariantName = "[No Variations]"
Add component (AddParameter): Name = "MF"; Value = "{'manufacturer': u'Worldsemi'}"; VariantName = "[No Variations]"
Add component (AddParameter): Name = "MP"; Value = "WS2812-2020"; VariantName = "[No Variations]"
Add component (AddParameter): Name = "Package"; Value = "None"; VariantName = "[No Variations]"
Add component (AddParameter): Name = "Price"; Value = "None"; VariantName = "[No Variations]"
Add component (AddParameter): Name = "Value"; Value = ""; VariantName = "[No Variations]"
Added Component: Designator=L?(WS2812-2020)
Add component (AddParameter): Name = "Availability"; Value = "Unavailable"; VariantName = "[No Variations]"
Add component (AddParameter): Name = "MF"; Value = "{'manufacturer': u'Worldsemi'}"; VariantName = "[No Variations]"
Add component (AddParameter): Name = "MP"; Value = "WS2812-2020"; VariantName = "[No Variations]"
Add component (AddParameter): Name = "Package"; Value = "None"; VariantName = "[No Variations]"
Add component (AddParameter): Name = "Price"; Value = "None"; VariantName = "[No Variations]"
Add component (AddParameter): Name = "Value"; Value = ""; VariantName = "[No Variations]"
Added Component: Designator=L?(WS2812-2020)
Add component (AddParameter): Name = "Availability"; Value = "Unavailable"; VariantName = "[No Variations]"
Add component (AddParameter): Name = "MF"; Value = "{'manufacturer': u'Worldsemi'}"; VariantName = "[No Variations]"
Add component (AddParameter): Name = "MP"; Value = "WS2812-2020"; VariantName = "[No Variations]"
Add component (AddParameter): Name = "Package"; Value = "None"; VariantName = "[No Variations]"
Add component (AddParameter): Name = "Price"; Value = "None"; VariantName = "[No Variations]"
Add component (AddParameter): Name = "Value"; Value = ""; VariantName = "[No Variations]"
Added Component: Designator=L?(WS2812-2020)
Add component (AddParameter): Name = "Availability"; Value = "Unavailable"; VariantName = "[No Variations]"
Add component (AddParameter): Name = "MF"; Value = "{'manufacturer': u'Worldsemi'}"; VariantName = "[No Variations]"
Add component (AddParameter): Name = "MP"; Value = "WS2812-2020"; VariantName = "[No Variations]"
Add component (AddParameter): Name = "Package"; Value = "None"; VariantName = "[No Variations]"
Add component (AddParameter): Name = "Price"; Value = "None"; VariantName = "[No Variations]"
Add component (AddParameter): Name = "Value"; Value = ""; VariantName = "[No Variations]"
Added Component: Designator=L?(WS2812-2020)
Add component (AddParameter): Name = "Availability"; Value = "Unavailable"; VariantName = "[No Variations]"
Add component (AddParameter): Name = "MF"; Value = "{'manufacturer': u'Worldsemi'}"; VariantName = "[No Variations]"
Add component (AddParameter): Name = "MP"; Value = "WS2812-2020"; VariantName = "[No Variations]"
Add component (AddParameter): Name = "Package"; Value = "None"; VariantName = "[No Variations]"
Add component (AddParameter): Name = "Price"; Value = "None"; VariantName = "[No Variations]"
Add component (AddParameter): Name = "Value"; Value = ""; VariantName = "[No Variations]"
Added Component: Designator=L?(WS2812-2020)
Add component (AddParameter): Name = "Availability"; Value = "Unavailable"; VariantName = "[No Variations]"
Add component (AddParameter): Name = "MF"; Value = "{'manufacturer': u'Worldsemi'}"; VariantName = "[No Variations]"
Add component (AddParameter): Name = "MP"; Value = "WS2812-2020"; VariantName = "[No Variations]"
Add component (AddParameter): Name = "Package"; Value = "None"; VariantName = "[No Variations]"
Add component (AddParameter): Name = "Price"; Value = "None"; VariantName = "[No Variations]"
Add component (AddParameter): Name = "Value"; Value = ""; VariantName = "[No Variations]"
Added Component: Designator=L?(WS2812-2020)
Add component (AddParameter): Name = "Availability"; Value = "Unavailable"; VariantName = "[No Variations]"
Add component (AddParameter): Name = "MF"; Value = "{'manufacturer': u'Worldsemi'}"; VariantName = "[No Variations]"
Add component (AddParameter): Name = "MP"; Value = "WS2812-2020"; VariantName = "[No Variations]"
Add component (AddParameter): Name = "Package"; Value = "None"; VariantName = "[No Variations]"
Add component (AddParameter): Name = "Price"; Value = "None"; VariantName = "[No Variations]"
Add component (AddParameter): Name = "Value"; Value = ""; VariantName = "[No Variations]"
Added Component: Designator=L?(WS2812-2020)
Add component (AddParameter): Name = "Availability"; Value = "Unavailable"; VariantName = "[No Variations]"
Add component (AddParameter): Name = "MF"; Value = "{'manufacturer': u'Worldsemi'}"; VariantName = "[No Variations]"
Add component (AddParameter): Name = "MP"; Value = "WS2812-2020"; VariantName = "[No Variations]"
Add component (AddParameter): Name = "Package"; Value = "None"; VariantName = "[No Variations]"
Add component (AddParameter): Name = "Price"; Value = "None"; VariantName = "[No Variations]"
Add component (AddParameter): Name = "Value"; Value = ""; VariantName = "[No Variations]"
Added Component: Designator=L?(WS2812-2020)
Add component (AddParameter): Name = "Availability"; Value = "Unavailable"; VariantName = "[No Variations]"
Add component (AddParameter): Name = "MF"; Value = "{'manufacturer': u'Worldsemi'}"; VariantName = "[No Variations]"
Add component (AddParameter): Name = "MP"; Value = "WS2812-2020"; VariantName = "[No Variations]"
Add component (AddParameter): Name = "Package"; Value = "None"; VariantName = "[No Variations]"
Add component (AddParameter): Name = "Price"; Value = "None"; VariantName = "[No Variations]"
Add component (AddParameter): Name = "Value"; Value = ""; VariantName = "[No Variations]"
Added Component: Designator=L?(WS2812-2020)
Add component (AddParameter): Name = "Availability"; Value = "Unavailable"; VariantName = "[No Variations]"
Add component (AddParameter): Name = "MF"; Value = "{'manufacturer': u'Worldsemi'}"; VariantName = "[No Variations]"
Add component (AddParameter): Name = "MP"; Value = "WS2812-2020"; VariantName = "[No Variations]"
Add component (AddParameter): Name = "Package"; Value = "None"; VariantName = "[No Variations]"
Add component (AddParameter): Name = "Price"; Value = "None"; VariantName = "[No Variations]"
Add component (AddParameter): Name = "Value"; Value = ""; VariantName = "[No Variations]"
Added Component: Designator=L?(WS2812-2020)
Add component (AddParameter): Name = "Availability"; Value = "Unavailable"; VariantName = "[No Variations]"
Add component (AddParameter): Name = "MF"; Value = "{'manufacturer': u'Worldsemi'}"; VariantName = "[No Variations]"
Add component (AddParameter): Name = "MP"; Value = "WS2812-2020"; VariantName = "[No Variations]"
Add component (AddParameter): Name = "Package"; Value = "None"; VariantName = "[No Variations]"
Add component (AddParameter): Name = "Price"; Value = "None"; VariantName = "[No Variations]"
Add component (AddParameter): Name = "Value"; Value = ""; VariantName = "[No Variations]"
Added Component: Designator=L?(WS2812-2020)
Add component (AddParameter): Name = "Availability"; Value = "Unavailable"; VariantName = "[No Variations]"
Add component (AddParameter): Name = "MF"; Value = "{'manufacturer': u'Worldsemi'}"; VariantName = "[No Variations]"
Add component (AddParameter): Name = "MP"; Value = "WS2812-2020"; VariantName = "[No Variations]"
Add component (AddParameter): Name = "Package"; Value = "None"; VariantName = "[No Variations]"
Add component (AddParameter): Name = "Price"; Value = "None"; VariantName = "[No Variations]"
Add component (AddParameter): Name = "Value"; Value = ""; VariantName = "[No Variations]"
Added Component: Designator=L?(WS2812-2020)
Add component (AddParameter): Name = "Availability"; Value = "Unavailable"; VariantName = "[No Variations]"
Add component (AddParameter): Name = "MF"; Value = "{'manufacturer': u'Worldsemi'}"; VariantName = "[No Variations]"
Add component (AddParameter): Name = "MP"; Value = "WS2812-2020"; VariantName = "[No Variations]"
Add component (AddParameter): Name = "Package"; Value = "None"; VariantName = "[No Variations]"
Add component (AddParameter): Name = "Price"; Value = "None"; VariantName = "[No Variations]"
Add component (AddParameter): Name = "Value"; Value = ""; VariantName = "[No Variations]"
Added Component: Designator=L?(WS2812-2020)
Add component (AddParameter): Name = "Availability"; Value = "Unavailable"; VariantName = "[No Variations]"
Add component (AddParameter): Name = "MF"; Value = "{'manufacturer': u'Worldsemi'}"; VariantName = "[No Variations]"
Add component (AddParameter): Name = "MP"; Value = "WS2812-2020"; VariantName = "[No Variations]"
Add component (AddParameter): Name = "Package"; Value = "None"; VariantName = "[No Variations]"
Add component (AddParameter): Name = "Price"; Value = "None"; VariantName = "[No Variations]"
Add component (AddParameter): Name = "Value"; Value = ""; VariantName = "[No Variations]"
Added Component: Designator=L?(WS2812-2020)
Add component (AddParameter): Name = "Availability"; Value = "Unavailable"; VariantName = "[No Variations]"
Add component (AddParameter): Name = "MF"; Value = "{'manufacturer': u'Worldsemi'}"; VariantName = "[No Variations]"
Add component (AddParameter): Name = "MP"; Value = "WS2812-2020"; VariantName = "[No Variations]"
Add component (AddParameter): Name = "Package"; Value = "None"; VariantName = "[No Variations]"
Add component (AddParameter): Name = "Price"; Value = "None"; VariantName = "[No Variations]"
Add component (AddParameter): Name = "Value"; Value = ""; VariantName = "[No Variations]"
Added Component: Designator=L?(WS2812-2020)
Add component (AddParameter): Name = "Availability"; Value = "Unavailable"; VariantName = "[No Variations]"
Add component (AddParameter): Name = "MF"; Value = "{'manufacturer': u'Worldsemi'}"; VariantName = "[No Variations]"
Add component (AddParameter): Name = "MP"; Value = "WS2812-2020"; VariantName = "[No Variations]"
Add component (AddParameter): Name = "Package"; Value = "None"; VariantName = "[No Variations]"
Add component (AddParameter): Name = "Price"; Value = "None"; VariantName = "[No Variations]"
Add component (AddParameter): Name = "Value"; Value = ""; VariantName = "[No Variations]"
Added Component: Designator=L?(WS2812-2020)
Add component (AddParameter): Name = "Availability"; Value = "Unavailable"; VariantName = "[No Variations]"
Add component (AddParameter): Name = "MF"; Value = "{'manufacturer': u'Worldsemi'}"; VariantName = "[No Variations]"
Add component (AddParameter): Name = "MP"; Value = "WS2812-2020"; VariantName = "[No Variations]"
Add component (AddParameter): Name = "Package"; Value = "None"; VariantName = "[No Variations]"
Add component (AddParameter): Name = "Price"; Value = "None"; VariantName = "[No Variations]"
Add component (AddParameter): Name = "Value"; Value = ""; VariantName = "[No Variations]"
Added Component: Designator=L?(WS2812-2020)
Add component (AddParameter): Name = "Availability"; Value = "Unavailable"; VariantName = "[No Variations]"
Add component (AddParameter): Name = "MF"; Value = "{'manufacturer': u'Worldsemi'}"; VariantName = "[No Variations]"
Add component (AddParameter): Name = "MP"; Value = "WS2812-2020"; VariantName = "[No Variations]"
Add component (AddParameter): Name = "Package"; Value = "None"; VariantName = "[No Variations]"
Add component (AddParameter): Name = "Price"; Value = "None"; VariantName = "[No Variations]"
Add component (AddParameter): Name = "Value"; Value = ""; VariantName = "[No Variations]"
Added Component: Designator=L?(WS2812-2020)
Add component (AddParameter): Name = "Availability"; Value = "Unavailable"; VariantName = "[No Variations]"
Add component (AddParameter): Name = "MF"; Value = "{'manufacturer': u'Worldsemi'}"; VariantName = "[No Variations]"
Add component (AddParameter): Name = "MP"; Value = "WS2812-2020"; VariantName = "[No Variations]"
Add component (AddParameter): Name = "Package"; Value = "None"; VariantName = "[No Variations]"
Add component (AddParameter): Name = "Price"; Value = "None"; VariantName = "[No Variations]"
Add component (AddParameter): Name = "Value"; Value = ""; VariantName = "[No Variations]"
Added Component: Designator=P?(HDR1X5)
Add component (AddParameter): Name = "LatestRevisionDate"; Value = "17-Jul-2002"; VariantName = "[No Variations]"
Add component (AddParameter): Name = "LatestRevisionNote"; Value = "Re-released for DXP Platform."; VariantName = "[No Variations]"
Add component (AddParameter): Name = "Publisher"; Value = "Altium Limited"; VariantName = "[No Variations]"
Added Pin To Net: NetName=GND Pin=L?-2
Added Pin To Net: NetName=GND Pin=L?-2
Added Pin To Net: NetName=GND Pin=L?-2
Added Pin To Net: NetName=GND Pin=L?-2
Added Pin To Net: NetName=GND Pin=L?-2
Added Pin To Net: NetName=GND Pin=L?-2
Added Pin To Net: NetName=GND Pin=L?-2
Added Pin To Net: NetName=GND Pin=L?-2
Added Pin To Net: NetName=GND Pin=L?-2
Added Pin To Net: NetName=GND Pin=L?-2
Added Pin To Net: NetName=GND Pin=L?-2
Added Pin To Net: NetName=GND Pin=L?-2
Added Pin To Net: NetName=GND Pin=L?-2
Added Pin To Net: NetName=GND Pin=L?-2
Added Pin To Net: NetName=GND Pin=L?-2
Added Pin To Net: NetName=GND Pin=L?-2
Added Pin To Net: NetName=GND Pin=L?-2
Added Pin To Net: NetName=GND Pin=L?-2
Added Pin To Net: NetName=GND Pin=L?-2
Added Pin To Net: NetName=GND Pin=L?-2
Added Pin To Net: NetName=GND Pin=L?-2
Added Pin To Net: NetName=GND Pin=L?-2
Added Pin To Net: NetName=GND Pin=L?-2
Added Pin To Net: NetName=GND Pin=L?-2
Added Pin To Net: NetName=GND Pin=L?-2
Added Pin To Net: NetName=GND Pin=L?-2
Added Pin To Net: NetName=GND Pin=L?-2
Added Pin To Net: NetName=GND Pin=L?-2
Added Pin To Net: NetName=GND Pin=L?-2
Added Pin To Net: NetName=GND Pin=L?-2
Added Pin To Net: NetName=GND Pin=L?-2
Added Pin To Net: NetName=GND Pin=L?-2
Added Pin To Net: NetName=GND Pin=L?-2
Added Pin To Net: NetName=GND Pin=L?-2
Added Pin To Net: NetName=GND Pin=L?-2
Added Pin To Net: NetName=GND Pin=L?-2
Added Pin To Net: NetName=GND Pin=L?-2
Added Pin To Net: NetName=GND Pin=L?-2
Added Pin To Net: NetName=GND Pin=L?-2
Added Pin To Net: NetName=GND Pin=L?-2
Added Pin To Net: NetName=GND Pin=L?-2
Added Pin To Net: NetName=GND Pin=L?-2
Added Pin To Net: NetName=GND Pin=L?-2
Added Pin To Net: NetName=GND Pin=L?-2
Added Pin To Net: NetName=GND Pin=L?-2
Added Pin To Net: NetName=GND Pin=L?-2
Added Pin To Net: NetName=GND Pin=L?-2
Added Pin To Net: NetName=GND Pin=L?-2
Added Pin To Net: NetName=GND Pin=L?-2
Added Pin To Net: NetName=GND Pin=L?-2
Added Pin To Net: NetName=GND Pin=L?-2
Added Pin To Net: NetName=GND Pin=L?-2
Added Pin To Net: NetName=GND Pin=L?-2
Added Pin To Net: NetName=GND Pin=L?-2
Added Pin To Net: NetName=GND Pin=L?-2
Added Pin To Net: NetName=GND Pin=L?-2
Added Pin To Net: NetName=GND Pin=L?-2
Added Pin To Net: NetName=GND Pin=L?-2
Added Pin To Net: NetName=GND Pin=L?-2
Added Pin To Net: NetName=GND Pin=L?-2
Added Pin To Net: NetName=GND Pin=L?-2
Added Pin To Net: NetName=GND Pin=L?-2
Added Pin To Net: NetName=GND Pin=L?-2
Added Pin To Net: NetName=GND Pin=L?-2
Added Pin To Net: NetName=GND Pin=P?-1
Added Pin To Net: NetName=GND Pin=P?-2
Added Net: Name=GND
Added Pin To Net: NetName=NetL?_1 Pin=L?-1
Added Pin To Net: NetName=NetL?_1 Pin=L?-3
Added Net: Name=NetL?_1
Add Net: Net with name "NetL?_1" already exists
Add Net: Net with name "NetL?_1" already exists
Add Net: Net with name "NetL?_1" already exists
Add Net: Net with name "NetL?_1" already exists
Add Net: Net with name "NetL?_1" already exists
Add Net: Net with name "NetL?_1" already exists
Add Net: Net with name "NetL?_1" already exists
Add Net: Net with name "NetL?_1" already exists
Add Net: Net with name "NetL?_1" already exists
Add Net: Net with name "NetL?_1" already exists
Add Net: Net with name "NetL?_1" already exists
Add Net: Net with name "NetL?_1" already exists
Add Net: Net with name "NetL?_1" already exists
Add Net: Net with name "NetL?_1" already exists
Add Net: Net with name "NetL?_1" already exists
Add Net: Net with name "NetL?_1" already exists
Add Net: Net with name "NetL?_1" already exists
Add Net: Net with name "NetL?_1" already exists
Add Net: Net with name "NetL?_1" already exists
Add Net: Net with name "NetL?_1" already exists
Add Net: Net with name "NetL?_1" already exists
Add Net: Net with name "NetL?_1" already exists
Add Net: Net with name "NetL?_1" already exists
Add Net: Net with name "NetL?_1" already exists
Add Net: Net with name "NetL?_1" already exists
Add Net: Net with name "NetL?_1" already exists
Add Net: Net with name "NetL?_1" already exists
Add Net: Net with name "NetL?_1" already exists
Add Net: Net with name "NetL?_1" already exists
Add Net: Net with name "NetL?_1" already exists
Add Net: Net with name "NetL?_1" already exists
Add Net: Net with name "NetL?_1" already exists
Add Net: Net with name "NetL?_1" already exists
Add Net: Net with name "NetL?_1" already exists
Add Net: Net with name "NetL?_1" already exists
Add Net: Net with name "NetL?_1" already exists
Add Net: Net with name "NetL?_1" already exists
Add Net: Net with name "NetL?_1" already exists
Add Net: Net with name "NetL?_1" already exists
Add Net: Net with name "NetL?_1" already exists
Add Net: Net with name "NetL?_1" already exists
Add Net: Net with name "NetL?_1" already exists
Add Net: Net with name "NetL?_1" already exists
Add Net: Net with name "NetL?_1" already exists
Add Net: Net with name "NetL?_1" already exists
Add Net: Net with name "NetL?_1" already exists
Add Net: Net with name "NetL?_1" already exists
Add Net: Net with name "NetL?_1" already exists
Add Net: Net with name "NetL?_1" already exists
Add Net: Net with name "NetL?_1" already exists
Add Net: Net with name "NetL?_1" already exists
Add Net: Net with name "NetL?_1" already exists
Add Net: Net with name "NetL?_1" already exists
Add Net: Net with name "NetL?_1" already exists
Add Net: Net with name "NetL?_1" already exists
Add Net: Net with name "NetL?_1" already exists
Add Net: Net with name "NetL?_1" already exists
Add Net: Net with name "NetL?_1" already exists
Add Net: Net with name "NetL?_1" already exists
Add Net: Net with name "NetL?_1" already exists
Add Net: Net with name "NetL?_1" already exists
Add Net: Net with name "NetL?_1" already exists
Added Pin To Net: NetName=NetL?_3 Pin=L?-3
Added Pin To Net: NetName=NetL?_3 Pin=P?-3
Added Net: Name=NetL?_3
Added Pin To Net: NetName=VCC Pin=L?-4
Added Pin To Net: NetName=VCC Pin=L?-4
Added Pin To Net: NetName=VCC Pin=L?-4
Added Pin To Net: NetName=VCC Pin=L?-4
Added Pin To Net: NetName=VCC Pin=L?-4
Added Pin To Net: NetName=VCC Pin=L?-4
Added Pin To Net: NetName=VCC Pin=L?-4
Added Pin To Net: NetName=VCC Pin=L?-4
Added Pin To Net: NetName=VCC Pin=L?-4
Added Pin To Net: NetName=VCC Pin=L?-4
Added Pin To Net: NetName=VCC Pin=L?-4
Added Pin To Net: NetName=VCC Pin=L?-4
Added Pin To Net: NetName=VCC Pin=L?-4
Added Pin To Net: NetName=VCC Pin=L?-4
Added Pin To Net: NetName=VCC Pin=L?-4
Added Pin To Net: NetName=VCC Pin=L?-4
Added Pin To Net: NetName=VCC Pin=L?-4
Added Pin To Net: NetName=VCC Pin=L?-4
Added Pin To Net: NetName=VCC Pin=L?-4
Added Pin To Net: NetName=VCC Pin=L?-4
Added Pin To Net: NetName=VCC Pin=L?-4
Added Pin To Net: NetName=VCC Pin=L?-4
Added Pin To Net: NetName=VCC Pin=L?-4
Added Pin To Net: NetName=VCC Pin=L?-4
Added Pin To Net: NetName=VCC Pin=L?-4
Added Pin To Net: NetName=VCC Pin=L?-4
Added Pin To Net: NetName=VCC Pin=L?-4
Added Pin To Net: NetName=VCC Pin=L?-4
Added Pin To Net: NetName=VCC Pin=L?-4
Added Pin To Net: NetName=VCC Pin=L?-4
Added Pin To Net: NetName=VCC Pin=L?-4
Added Pin To Net: NetName=VCC Pin=L?-4
Added Pin To Net: NetName=VCC Pin=L?-4
Added Pin To Net: NetName=VCC Pin=L?-4
Added Pin To Net: NetName=VCC Pin=L?-4
Added Pin To Net: NetName=VCC Pin=L?-4
Added Pin To Net: NetName=VCC Pin=L?-4
Added Pin To Net: NetName=VCC Pin=L?-4
Added Pin To Net: NetName=VCC Pin=L?-4
Added Pin To Net: NetName=VCC Pin=L?-4
Added Pin To Net: NetName=VCC Pin=L?-4
Added Pin To Net: NetName=VCC Pin=L?-4
Added Pin To Net: NetName=VCC Pin=L?-4
Added Pin To Net: NetName=VCC Pin=L?-4
Added Pin To Net: NetName=VCC Pin=L?-4
Added Pin To Net: NetName=VCC Pin=L?-4
Added Pin To Net: NetName=VCC Pin=L?-4
Added Pin To Net: NetName=VCC Pin=L?-4
Added Pin To Net: NetName=VCC Pin=L?-4
Added Pin To Net: NetName=VCC Pin=L?-4
Added Pin To Net: NetName=VCC Pin=L?-4
Added Pin To Net: NetName=VCC Pin=L?-4
Added Pin To Net: NetName=VCC Pin=L?-4
Added Pin To Net: NetName=VCC Pin=L?-4
Added Pin To Net: NetName=VCC Pin=L?-4
Added Pin To Net: NetName=VCC Pin=L?-4
Added Pin To Net: NetName=VCC Pin=L?-4
Added Pin To Net: NetName=VCC Pin=L?-4
Added Pin To Net: NetName=VCC Pin=L?-4
Added Pin To Net: NetName=VCC Pin=L?-4
Added Pin To Net: NetName=VCC Pin=L?-4
Added Pin To Net: NetName=VCC Pin=L?-4
Added Pin To Net: NetName=VCC Pin=L?-4
Added Pin To Net: NetName=VCC Pin=L?-4
Added Pin To Net: NetName=VCC Pin=P?-4
Added Pin To Net: NetName=VCC Pin=P?-5
Added Net: Name=VCC
Added Class: Name=MiniScreen
